~~~
    <div class="paper">
        <p class="paper-title">Observational Robustness and Invariances in Reinforcement Learning via Lexicographic Objectives</p>
        <p class="paper-authors">Daniel Ornia, Licio Romao, Lewis Hammond, Manuel Mazo, Alessandro Abate</p>
        <p class="paper-venue">, 2023</p>
        <button class="paper-details-button" onclick="toggleCode('paper-code1')">Details</button>
        <a href=>
            <button class="paper-pdf-button">PDF</button>
        </a>
        <div id="paper-code1" class="paper-code" data-file= style="display: none;"></div>
    </div>
    <script src="/assets/js/buttom_func.js"></script>
    <script src="/assets/js/print_bib.js"></script>
~~~
~~~
    <div class="paper">
        <p class="paper-title">Robust Control for Dynamical Systems with Non-Gaussian Noise via Formal Abstractions</p>
        <p class="paper-authors">Thom Badings, Licio Romao, Alessandro Abate, David Parker, Hasan Poonawala, Marielle Stoelinga, Nils Jansen</p>
        <p class="paper-venue">, 2023</p>
        <button class="paper-details-button" onclick="toggleCode('paper-code2')">Details</button>
        <a href=>
            <button class="paper-pdf-button">PDF</button>
        </a>
        <div id="paper-code2" class="paper-code" data-file= style="display: none;"></div>
    </div>
    <script src="/assets/js/buttom_func.js"></script>
    <script src="/assets/js/print_bib.js"></script>
~~~
~~~
    <div class="paper">
        <p class="paper-title">Probabilistic feasibility guarantees for convex scenario programs with an arbitrary number of discarded constraints</p>
        <p class="paper-authors">Licio Romao, Kostas Margellos, Antonis Papachristodoulou</p>
        <p class="paper-venue">, 2023</p>
        <button class="paper-details-button" onclick="toggleCode('paper-code3')">Details</button>
        <a href=>
            <button class="paper-pdf-button">PDF</button>
        </a>
        <div id="paper-code3" class="paper-code" data-file= style="display: none;"></div>
    </div>
    <script src="/assets/js/buttom_func.js"></script>
    <script src="/assets/js/print_bib.js"></script>
~~~
~~~
    <div class="paper">
        <p class="paper-title">On the Exact Feasibility of Convex Scenario Programs With Discarded Constraints</p>
        <p class="paper-authors">Licio Romao, Antonis Papachristodoulou, Kostas Margellos</p>
        <p class="paper-venue">, 2023</p>
        <button class="paper-details-button" onclick="toggleCode('paper-code4')">Details</button>
        <a href=>
            <button class="paper-pdf-button">PDF</button>
        </a>
        <div id="paper-code4" class="paper-code" data-file= style="display: none;"></div>
    </div>
    <script src="/assets/js/buttom_func.js"></script>
    <script src="/assets/js/print_bib.js"></script>
~~~
~~~
    <div class="paper">
        <p class="paper-title">Subgradient averaging for multi-agent optimisation with different constraint sets</p>
        <p class="paper-authors">Licio Romao, Kostas Margellos, Giuseppe Notarstefano, Antonis Papachristodoulou</p>
        <p class="paper-venue">, 2021</p>
        <button class="paper-details-button" onclick="toggleCode('paper-code5')">Details</button>
        <a href=>
            <button class="paper-pdf-button">PDF</button>
        </a>
        <div id="paper-code5" class="paper-code" data-file= style="display: none;"></div>
    </div>
    <script src="/assets/js/buttom_func.js"></script>
    <script src="/assets/js/print_bib.js"></script>
~~~
~~~
    <div class="paper">
        <p class="paper-title">Distributed Actuator Selection: Achieving Optimality via a Primal-Dual Algorithm</p>
        <p class="paper-authors">Licio Romao, Kostas Margellos, Antonis Papachristodoulou</p>
        <p class="paper-venue">, 2018</p>
        <button class="paper-details-button" onclick="toggleCode('paper-code6')">Details</button>
        <a href=>
            <button class="paper-pdf-button">PDF</button>
        </a>
        <div id="paper-code6" class="paper-code" data-file= style="display: none;"></div>
    </div>
    <script src="/assets/js/buttom_func.js"></script>
    <script src="/assets/js/print_bib.js"></script>
~~~
~~~
    <div class="paper">
        <p class="paper-title">Probabilities Are Not Enough: Formal Controller Synthesis for Stochastic Dynamical Models with Epistemic Uncertainty</p>
        <p class="paper-authors">Thom Badings, Licio Romao, Alessandro Abate, Nils Jansen</p>
        <p class="paper-venue">, 2022</p>
        <button class="paper-details-button" onclick="toggleCode('paper-code7')">Details</button>
        <a href=>
            <button class="paper-pdf-button">PDF</button>
        </a>
        <div id="paper-code7" class="paper-code" data-file= style="display: none;"></div>
    </div>
    <script src="/assets/js/buttom_func.js"></script>
    <script src="/assets/js/print_bib.js"></script>
~~~
~~~
    <div class="paper">
        <p class="paper-title">Inner approximations of stochastic programs for data-driven stochastic barrier function design</p>
        <p class="paper-authors">Frederik Mathiesen, Licio Romao, Simeon Calvert, Alessandro Abate, Luca Laurenti</p>
        <p class="paper-venue">, 2023</p>
        <button class="paper-details-button" onclick="toggleCode('paper-code8')">Details</button>
        <a href=>
            <button class="paper-pdf-button">PDF</button>
        </a>
        <div id="paper-code8" class="paper-code" data-file= style="display: none;"></div>
    </div>
    <script src="/assets/js/buttom_func.js"></script>
    <script src="/assets/js/print_bib.js"></script>
~~~
~~~
    <div class="paper">
        <p class="paper-title">Data-driven abstractions via adaptive refinements and a Kantorovich metric</p>
        <p class="paper-authors">Adrien Banse, Licio Romao, Alessandro Abate, Raphaël Jungers</p>
        <p class="paper-venue">, 2023</p>
        <button class="paper-details-button" onclick="toggleCode('paper-code9')">Details</button>
        <a href=>
            <button class="paper-pdf-button">PDF</button>
        </a>
        <div id="paper-code9" class="paper-code" data-file= style="display: none;"></div>
    </div>
    <script src="/assets/js/buttom_func.js"></script>
    <script src="/assets/js/print_bib.js"></script>
~~~
~~~
    <div class="paper">
        <p class="paper-title">Abstracting Linear Stochastic Systems via Knowledge Filtering</p>
        <p class="paper-authors">Maico Engelaar, Licio Romao, Yulong Gao, Mircea Lazar, Alessandro Abate, Sofie Haesaert</p>
        <p class="paper-venue">, 2023</p>
        <button class="paper-details-button" onclick="toggleCode('paper-code10')">Details</button>
        <a href=>
            <button class="paper-pdf-button">PDF</button>
        </a>
        <div id="paper-code10" class="paper-code" data-file= style="display: none;"></div>
    </div>
    <script src="/assets/js/buttom_func.js"></script>
    <script src="/assets/js/print_bib.js"></script>
~~~
~~~
    <div class="paper">
        <p class="paper-title">Formal Controller Synthesis for Markov Jump Linear Systems with Uncertain Dynamics</p>
        <p class="paper-authors">Luke Rickard, Thom Badings, Licio Romao, Alessandro Abate</p>
        <p class="paper-venue">, 2022</p>
        <button class="paper-details-button" onclick="toggleCode('paper-code11')">Details</button>
        <a href=>
            <button class="paper-pdf-button">PDF</button>
        </a>
        <div id="paper-code11" class="paper-code" data-file= style="display: none;"></div>
    </div>
    <script src="/assets/js/buttom_func.js"></script>
    <script src="/assets/js/print_bib.js"></script>
~~~
~~~
    <div class="paper">
        <p class="paper-title">Data-driven memory-dependent abstractions of dynamical systems</p>
        <p class="paper-authors">Adrien Banse, Licio Romao, Alessandro Abate, Raphaël Jungers</p>
        <p class="paper-venue">, 2022</p>
        <button class="paper-details-button" onclick="toggleCode('paper-code12')">Details</button>
        <a href=>
            <button class="paper-pdf-button">PDF</button>
        </a>
        <div id="paper-code12" class="paper-code" data-file= style="display: none;"></div>
    </div>
    <script src="/assets/js/buttom_func.js"></script>
    <script src="/assets/js/print_bib.js"></script>
~~~
~~~
    <div class="paper">
        <p class="paper-title">Tight sampling and discarding bounds for scenario programs with an arbitrary number of removed samples</p>
        <p class="paper-authors">Licio Romao, Kostas Margellos, A. Papachristodoulou</p>
        <p class="paper-venue">, 2021</p>
        <button class="paper-details-button" onclick="toggleCode('paper-code13')">Details</button>
        <a href=>
            <button class="paper-pdf-button">PDF</button>
        </a>
        <div id="paper-code13" class="paper-code" data-file= style="display: none;"></div>
    </div>
    <script src="/assets/js/buttom_func.js"></script>
    <script src="/assets/js/print_bib.js"></script>
~~~
~~~
    <div class="paper">
        <p class="paper-title">Tight generalization guarantees for the sampling and discarding approach to scenario optimization</p>
        <p class="paper-authors">Licio Romao, Kostas Margellos, A. Papachristodoulou</p>
        <p class="paper-venue">, 2020</p>
        <button class="paper-details-button" onclick="toggleCode('paper-code14')">Details</button>
        <a href=>
            <button class="paper-pdf-button">PDF</button>
        </a>
        <div id="paper-code14" class="paper-code" data-file= style="display: none;"></div>
    </div>
    <script src="/assets/js/buttom_func.js"></script>
    <script src="/assets/js/print_bib.js"></script>
~~~
~~~
    <div class="paper">
        <p class="paper-title">Convergence rate analysis of a subgradient averaging algorithm for distributed optimisation with different constraint sets</p>
        <p class="paper-authors">Licio Romao, Kostas Margellos, Giuseppe Notarstefano, Antonis Papachristodoulou</p>
        <p class="paper-venue">, 2019</p>
        <button class="paper-details-button" onclick="toggleCode('paper-code15')">Details</button>
        <a href=>
            <button class="paper-pdf-button">PDF</button>
        </a>
        <div id="paper-code15" class="paper-code" data-file= style="display: none;"></div>
    </div>
    <script src="/assets/js/buttom_func.js"></script>
    <script src="/assets/js/print_bib.js"></script>
~~~
~~~
    <div class="paper">
        <p class="paper-title">Distributionally Robust Optimal and Safe Control of Stochastic Systems via Kernel Conditional Mean Embedding</p>
        <p class="paper-authors">Licio Romao, Ashish Hota, Alessandro Abate</p>
        <p class="paper-venue">, 2023</p>
        <button class="paper-details-button" onclick="toggleCode('paper-code16')">Details</button>
        <a href=>
            <button class="paper-pdf-button">PDF</button>
        </a>
        <div id="paper-code16" class="paper-code" data-file= style="display: none;"></div>
    </div>
    <script src="/assets/js/buttom_func.js"></script>
    <script src="/assets/js/print_bib.js"></script>
~~~
