~~~
<div class="paper">
    <p class="paper-title">Bounded Robustness in Reinforcement Learning via Lexicographic Objectives</p>
    <p class="paper-authors">Daniel Ornia, Licio Romao, Lewis Hammond, Manuel Mazo, Alessandro Abate</p>
    <p class="paper-venue"> <span class="paper-venue-name">6th Annual Learning for Decision and Control</span> 2024. <span class="paper-award">Oral presentation. Top 6 percent.</span></p>
    <button class="paper-details-button" onclick="toggleCode('paper-code1')">Bib</button><a href=/assets/bibfiles/individual-pdf/ORHMA24.pdf>
    <button class="paper-pdf-button">PDF</button>
</a>        <div id="paper-code1" class="paper-code" data-file=/assets/bibfiles/individual-bib/ORHMA24.bib style="display: none;">
            <button class="copy-btn">Copy</button> 
        </div>
    </div>

    <script src="/assets/js/fetch_paper_code.js"></script>
    <script src="/assets/js/listen_to_copy.js"></script>
    <script src="/assets/js/buttom_func.js"></script>
    <script src="/assets/js/print_bib.js"></script>
~~~
~~~
<div class="paper">
    <p class="paper-title">A Stability-Based Abstraction Framework for Reach-Avoid Control of Stochastic Dynamical Systems with Unknown Noise Distributions</p>
    <p class="paper-authors">Thom Badings, Licio Romao, Alessandro Abate, Nils Jansen</p>
    <p class="paper-venue"><span class="paper-venue-name">2024 European Control Conference (ECC)</span>, 2024.</p>
    <button class="paper-details-button" onclick="toggleCode('paper-code25')">Bib</button><a href=/assets/bibfiles/individual-pdf/BRAJ24.pdf>
    <button class="paper-pdf-button">PDF</button>
</a>        <div id="paper-code25" class="paper-code" data-file=/assets/bibfiles/individual-bib/BRAJ24.bib style="display: none;">
            <button class="copy-btn">Copy</button> 
        </div>
    </div>

    <script src="/assets/js/fetch_paper_code.js"></script>
    <script src="/assets/js/listen_to_copy.js"></script>
    <script src="/assets/js/buttom_func.js"></script>
    <script src="/assets/js/print_bib.js"></script>
~~~
~~~
<div class="paper">
    <p class="paper-title">Probabilities Are Not Enough: Formal Controller Synthesis for Stochastic Dynamical Models with Epistemic Uncertainty</p>
    <p class="paper-authors">Thom Badings, Licio Romao, Alessandro Abate, Nils Jansen</p>
    <p class="paper-venue"><span class="paper-venue-name">AAAI Conference on Artificial Intelligence</span>, 2023.</p>
    <button class="paper-details-button" onclick="toggleCode('paper-code5')">Bib</button><a href=/assets/bibfiles/individual-pdf/BRAJ23.pdf>
    <button class="paper-pdf-button">PDF</button>
</a>        <div id="paper-code5" class="paper-code" data-file=/assets/bibfiles/individual-bib/BRAJ23.bib style="display: none;">
            <button class="copy-btn">Copy</button> 
        </div>
    </div>

    <script src="/assets/js/fetch_paper_code.js"></script>
    <script src="/assets/js/listen_to_copy.js"></script>
    <script src="/assets/js/buttom_func.js"></script>
    <script src="/assets/js/print_bib.js"></script>
~~~
~~~
<div class="paper">
    <p class="paper-title">Inner Approximations of Stochastic Programs for Data-Driven Stochastic Barrier Function Design</p>
    <p class="paper-authors">Frederik Mathiesen, Licio Romao, Simeon Calvert, Alessandro Abate, Luca Laurenti</p>
    <p class="paper-venue"><span class="paper-venue-name">62nd IEEE Conference on Decision and Control (CDC)</span>, 2023.</p>
    <button class="paper-details-button" onclick="toggleCode('paper-code6')">Bib</button><a href=/assets/bibfiles/individual-pdf/MRCAL23.pdf>
    <button class="paper-pdf-button">PDF</button>
</a>        <div id="paper-code6" class="paper-code" data-file=/assets/bibfiles/individual-bib/MRCAL23.bib style="display: none;">
            <button class="copy-btn">Copy</button> 
        </div>
    </div>

    <script src="/assets/js/fetch_paper_code.js"></script>
    <script src="/assets/js/listen_to_copy.js"></script>
    <script src="/assets/js/buttom_func.js"></script>
    <script src="/assets/js/print_bib.js"></script>
~~~
~~~
<div class="paper">
    <p class="paper-title">Data-driven Abstractions via Adaptive Refinements and a Kantorovich Metric</p>
    <p class="paper-authors">Adrien Banse, Licio Romao, Alessandro Abate, Raphaël Jungers</p>
    <p class="paper-venue"><span class="paper-venue-name">62nd IEEE Conference on Decision and Control (CDC)</span>, 2023.</p>
    <button class="paper-details-button" onclick="toggleCode('paper-code7')">Bib</button><a href=/assets/bibfiles/individual-pdf/BRAJ23b.pdf>
    <button class="paper-pdf-button">PDF</button>
</a>
<a href=/assets/bibfiles/individual-pdf/BRAJ23b-ext.pdf>
    <button class="paper-pdf-button">Extended version</button>
</a>        <div id="paper-code7" class="paper-code" data-file=/assets/bibfiles/individual-bib/BRAJ23b.bib style="display: none;">
            <button class="copy-btn">Copy</button> 
        </div>
    </div>

    <script src="/assets/js/fetch_paper_code.js"></script>
    <script src="/assets/js/listen_to_copy.js"></script>
    <script src="/assets/js/buttom_func.js"></script>
    <script src="/assets/js/print_bib.js"></script>
~~~
~~~
<div class="paper">
    <p class="paper-title">Abstracting Linear Stochastic Systems via Knowledge Filtering</p>
    <p class="paper-authors">Maico Engelaar, Licio Romao, Yulong Gao, Mircea Lazar, Alessandro Abate, Sofie Haesaert</p>
    <p class="paper-venue"><span class="paper-venue-name">62nd IEEE Conference on Decision and Control (CDC)</span>, 2023.</p>
    <button class="paper-details-button" onclick="toggleCode('paper-code8')">Bib</button><a href=/assets/bibfiles/individual-pdf/ERGLAH23.pdf>
    <button class="paper-pdf-button">PDF</button>
</a>        <div id="paper-code8" class="paper-code" data-file=/assets/bibfiles/individual-bib/ERGLAH23.bib style="display: none;">
            <button class="copy-btn">Copy</button> 
        </div>
    </div>

    <script src="/assets/js/fetch_paper_code.js"></script>
    <script src="/assets/js/listen_to_copy.js"></script>
    <script src="/assets/js/buttom_func.js"></script>
    <script src="/assets/js/print_bib.js"></script>
~~~
~~~
<div class="paper">
    <p class="paper-title">Formal Controller Synthesis for Markov Jump Linear Systems with Uncertain Dynamics</p>
    <p class="paper-authors">Luke Rickard, Thom Badings, Licio Romao, Alessandro Abate</p>
    <p class="paper-venue"><span class="paper-venue-name">International Conference on Quantitative Evaluation of Systems</span>, 2023.</p>
    <button class="paper-details-button" onclick="toggleCode('paper-code9')">Bib</button><a href=/assets/bibfiles/individual-pdf/RBRA23.pdf>
    <button class="paper-pdf-button">PDF</button>
</a>        <div id="paper-code9" class="paper-code" data-file=/assets/bibfiles/individual-bib/RBRA23.bib style="display: none;">
            <button class="copy-btn">Copy</button> 
        </div>
    </div>

    <script src="/assets/js/fetch_paper_code.js"></script>
    <script src="/assets/js/listen_to_copy.js"></script>
    <script src="/assets/js/buttom_func.js"></script>
    <script src="/assets/js/print_bib.js"></script>
~~~
~~~
<div class="paper">
    <p class="paper-title">Data-driven memory-dependent abstractions of dynamical systems</p>
    <p class="paper-authors">Adrien Banse, Licio Romao, Alessandro Abate, Raphaël Jungers</p>
    <p class="paper-venue"><span class="paper-venue-name">5th Conference on Learning for Dynamics & Control</span>, 2023.</p>
    <button class="paper-details-button" onclick="toggleCode('paper-code10')">Bib</button><a href=/assets/bibfiles/individual-pdf/BRAJ23c.pdf>
    <button class="paper-pdf-button">PDF</button>
</a>        <div id="paper-code10" class="paper-code" data-file=/assets/bibfiles/individual-bib/BRAJ23c.bib style="display: none;">
            <button class="copy-btn">Copy</button> 
        </div>
    </div>

    <script src="/assets/js/fetch_paper_code.js"></script>
    <script src="/assets/js/listen_to_copy.js"></script>
    <script src="/assets/js/buttom_func.js"></script>
    <script src="/assets/js/print_bib.js"></script>
~~~
~~~
<div class="paper">
    <p class="paper-title">Distributionally Robust Optimal and Safe Control of Stochastic Systems via Kernel Conditional Mean Embedding</p>
    <p class="paper-authors">Licio Romao, Ashish Hota, Alessandro Abate</p>
    <p class="paper-venue"><span class="paper-venue-name">62nd IEEE Conference on Decision and Control (CDC)</span>, 2023.</p>
    <button class="paper-details-button" onclick="toggleCode('paper-code14')">Bib</button><a href=/assets/bibfiles/individual-pdf/RHA23.pdf>
    <button class="paper-pdf-button">PDF</button>
</a>
<a href=/assets/bibfiles/individual-pdf/RHA23-ext.pdf>
    <button class="paper-pdf-button">Extended version</button>
</a>        <div id="paper-code14" class="paper-code" data-file=/assets/bibfiles/individual-bib/RHA23.bib style="display: none;">
            <button class="copy-btn">Copy</button> 
        </div>
    </div>

    <script src="/assets/js/fetch_paper_code.js"></script>
    <script src="/assets/js/listen_to_copy.js"></script>
    <script src="/assets/js/buttom_func.js"></script>
    <script src="/assets/js/print_bib.js"></script>
~~~
~~~
<div class="paper">
    <p class="paper-title">Tight sampling and discarding bounds for scenario programs with an arbitrary number of removed samples</p>
    <p class="paper-authors">Licio Romao, Kostas Margellos, A. Papachristodoulou</p>
    <p class="paper-venue"><span class="paper-venue-name">3rd Conference on Learning for Decision and Control</span>, 2021.</p>
    <button class="paper-details-button" onclick="toggleCode('paper-code11')">Bib</button><a href=/assets/bibfiles/individual-pdf/RMP21.pdf>
    <button class="paper-pdf-button">PDF</button>
</a>        <div id="paper-code11" class="paper-code" data-file=/assets/bibfiles/individual-bib/RMP21.bib style="display: none;">
            <button class="copy-btn">Copy</button> 
        </div>
    </div>

    <script src="/assets/js/fetch_paper_code.js"></script>
    <script src="/assets/js/listen_to_copy.js"></script>
    <script src="/assets/js/buttom_func.js"></script>
    <script src="/assets/js/print_bib.js"></script>
~~~
~~~
<div class="paper">
    <p class="paper-title">Tight generalization guarantees for the sampling and discarding approach to scenario optimization</p>
    <p class="paper-authors">Licio Romao, Kostas Margellos, A. Papachristodoulou</p>
    <p class="paper-venue"><span class="paper-venue-name">59th Conference on Decision and Control</span>, 2020.</p>
    <button class="paper-details-button" onclick="toggleCode('paper-code12')">Bib</button><a href=/assets/bibfiles/individual-pdf/RMP20.pdf>
    <button class="paper-pdf-button">PDF</button>
</a>        <div id="paper-code12" class="paper-code" data-file=/assets/bibfiles/individual-bib/RMP20.bib style="display: none;">
            <button class="copy-btn">Copy</button> 
        </div>
    </div>

    <script src="/assets/js/fetch_paper_code.js"></script>
    <script src="/assets/js/listen_to_copy.js"></script>
    <script src="/assets/js/buttom_func.js"></script>
    <script src="/assets/js/print_bib.js"></script>
~~~
~~~
<div class="paper">
    <p class="paper-title">Convergence rate analysis of a subgradient averaging algorithm for distributed optimisation with different constraint sets</p>
    <p class="paper-authors">Licio Romao, Kostas Margellos, Giuseppe Notarstefano, Antonis Papachristodoulou</p>
    <p class="paper-venue"><span class="paper-venue-name">58th Conference on Decision and Control (CDC)</span>, 2019.</p>
    <button class="paper-details-button" onclick="toggleCode('paper-code13')">Bib</button><a href=/assets/bibfiles/individual-pdf/RMNP19.pdf>
    <button class="paper-pdf-button">PDF</button>
</a>        <div id="paper-code13" class="paper-code" data-file=/assets/bibfiles/individual-bib/RMNP19.bib style="display: none;">
            <button class="copy-btn">Copy</button> 
        </div>
    </div>

    <script src="/assets/js/fetch_paper_code.js"></script>
    <script src="/assets/js/listen_to_copy.js"></script>
    <script src="/assets/js/buttom_func.js"></script>
    <script src="/assets/js/print_bib.js"></script>
~~~
~~~
<div class="paper">
    <p class="paper-title">H-inf filter design with low- and middle-frequency specifications for continuous-time linear systems: LMI conditions derived from two different extensions of the KYP lemma</p>
    <p class="paper-authors">Licio Romao, Mauricio Oliveira, Pedro Peres, Ricardo Oliveira</p>
    <p class="paper-venue"><span class="paper-venue-name">2018 Annual American Control Conference (ACC)</span>, 2018.</p>
    <button class="paper-details-button" onclick="toggleCode('paper-code17')">Bib</button><a href=/assets/bibfiles/individual-pdf/RdOPO18.pdf>
    <button class="paper-pdf-button">PDF</button>
</a>        <div id="paper-code17" class="paper-code" data-file=/assets/bibfiles/individual-bib/RdOPO18.bib style="display: none;">
            <button class="copy-btn">Copy</button> 
        </div>
    </div>

    <script src="/assets/js/fetch_paper_code.js"></script>
    <script src="/assets/js/listen_to_copy.js"></script>
    <script src="/assets/js/buttom_func.js"></script>
    <script src="/assets/js/print_bib.js"></script>
~~~
~~~
<div class="paper">
    <p class="paper-title">Non-minimal order low-frequency H-inf filtering for uncertain discrete-time systems</p>
    <p class="paper-authors">Lício Romão, Luciano Frezzatto, Maurício Oliveira, Ricardo Oliveira, Pedro Peres</p>
    <p class="paper-venue"><span class="paper-venue-name">IFAC-PapersOnLine</span>, 2017.</p>
    <button class="paper-details-button" onclick="toggleCode('paper-code18')">Bib</button><a href=/assets/bibfiles/individual-pdf/RFdOOP17.pdf>
    <button class="paper-pdf-button">PDF</button>
</a>        <div id="paper-code18" class="paper-code" data-file=/assets/bibfiles/individual-bib/RFdOOP17.bib style="display: none;">
            <button class="copy-btn">Copy</button> 
        </div>
    </div>

    <script src="/assets/js/fetch_paper_code.js"></script>
    <script src="/assets/js/listen_to_copy.js"></script>
    <script src="/assets/js/buttom_func.js"></script>
    <script src="/assets/js/print_bib.js"></script>
~~~
~~~
<div class="paper">
    <p class="paper-title">Projeto de Filtros para Sistemas a Tempo Discreto com Criterio H-infinito em Faixa de Frequencias</p>
    <p class="paper-authors">Licio Romao, Ricardo Oliveira, Pedro Peres</p>
    <p class="paper-venue"><span class="paper-venue-name">Simposio Brasileiro de Automacao Inteligente (SBAI)</span>, 2017.</p>
    <button class="paper-details-button" onclick="toggleCode('paper-code19')">Bib</button><a href=/assets/bibfiles/individual-pdf/ROP17.pdf>
    <button class="paper-pdf-button">PDF</button>
</a>        <div id="paper-code19" class="paper-code" data-file=/assets/bibfiles/individual-bib/ROP17.bib style="display: none;">
            <button class="copy-btn">Copy</button> 
        </div>
    </div>

    <script src="/assets/js/fetch_paper_code.js"></script>
    <script src="/assets/js/listen_to_copy.js"></script>
    <script src="/assets/js/buttom_func.js"></script>
    <script src="/assets/js/print_bib.js"></script>
~~~
~~~
<div class="paper">
    <p class="paper-title">State-feedback and filtering problems using the generalized KYP lemma</p>
    <p class="paper-authors">Licio Romao, Mauricio Oliveira, Pedro Peres, Ricardo Oliveira</p>
    <p class="paper-venue"><span class="paper-venue-name">Conference on Computer Aided Control System Design (CACSD)</span>, 2016.</p>
    <button class="paper-details-button" onclick="toggleCode('paper-code20')">Bib</button><a href=/assets/bibfiles/individual-pdf/RdOPO16.pdf>
    <button class="paper-pdf-button">PDF</button>
</a>        <div id="paper-code20" class="paper-code" data-file=/assets/bibfiles/individual-bib/RdOPO16.bib style="display: none;">
            <button class="copy-btn">Copy</button> 
        </div>
    </div>

    <script src="/assets/js/fetch_paper_code.js"></script>
    <script src="/assets/js/listen_to_copy.js"></script>
    <script src="/assets/js/buttom_func.js"></script>
    <script src="/assets/js/print_bib.js"></script>
~~~
~~~
<div class="paper">
    <p class="paper-title">H-infinity Robust Filter Design for Continuous-Time Linear Systems Using LMIs with a Scalar Parameter</p>
    <p class="paper-authors">Licio Romao, Pedro Peres, Ricardo Oliveira</p>
    <p class="paper-venue"><span class="paper-venue-name">XXI Congresso Brasileiro de Automatica</span>, 2016.</p>
    <button class="paper-details-button" onclick="toggleCode('paper-code21')">Bib</button><a href=/assets/bibfiles/individual-pdf/RPO16.pdf>
    <button class="paper-pdf-button">PDF</button>
</a>        <div id="paper-code21" class="paper-code" data-file=/assets/bibfiles/individual-bib/RPO16.bib style="display: none;">
            <button class="copy-btn">Copy</button> 
        </div>
    </div>

    <script src="/assets/js/fetch_paper_code.js"></script>
    <script src="/assets/js/listen_to_copy.js"></script>
    <script src="/assets/js/buttom_func.js"></script>
    <script src="/assets/js/print_bib.js"></script>
~~~
~~~
<div class="paper">
    <p class="paper-title">Projeto de Filtros Robustos H-2 usando LMIs com Escalares</p>
    <p class="paper-authors">Licio Romao, Ricardo Oliveira, Pedro Peres</p>
    <p class="paper-venue"><span class="paper-venue-name">Simposio Brasileiro de Automacao Inteligente (SBAI)</span>, 2015.</p>
    <button class="paper-details-button" onclick="toggleCode('paper-code22')">Bib</button><a href=/assets/bibfiles/individual-pdf/ROP15.pdf>
    <button class="paper-pdf-button">PDF</button>
</a>        <div id="paper-code22" class="paper-code" data-file=/assets/bibfiles/individual-bib/ROP15.bib style="display: none;">
            <button class="copy-btn">Copy</button> 
        </div>
    </div>

    <script src="/assets/js/fetch_paper_code.js"></script>
    <script src="/assets/js/listen_to_copy.js"></script>
    <script src="/assets/js/buttom_func.js"></script>
    <script src="/assets/js/print_bib.js"></script>
~~~
