~~~
<div class="paper">
    <p class="paper-title">A Stability-Based Abstraction Framework for Reach-Avoid Control of Stochastic Dynamical Systems with Unknown Noise Distributions</p>
    <p class="paper-authors">Thom Badings, Licio Romao, Alessandro Abate, Nils Jansen</p>
    <p class="paper-venue"><span class="paper-venue-name">arXiv</span>, 2024.</p>
    <button class="paper-details-button" onclick="toggleCode('paper-code25')">Bib</button><a href=/assets/bibfiles/individual-pdf/BRAJ24.pdf>
    <button class="paper-pdf-button">PDF</button>
</a>        <div id="paper-code25" class="paper-code" data-file=/assets/bibfiles/individual-bib/BRAJ24.bib style="display: none;">
            <button class="copy-btn">Copy</button> 
        </div>
    </div>

    <script src="/assets/js/fetch_paper_code.js"></script>
    <script src="/assets/js/listen_to_copy.js"></script>
    <script src="/assets/js/buttom_func.js"></script>
    <script src="/assets/js/print_bib.js"></script>
~~~
~~~
<div class="paper">
    <p class="paper-title">Distributed Markov Chain Monte Carlo Sampling based on the Alternating Direction Method of Multipliers</p>
    <p class="paper-authors">Alexandros Tzikas, Licio Romao, Mert Pilanci, Alessandro Abate, Mykel Kochenderfer</p>
    <p class="paper-venue"><span class="paper-venue-name">arXiv</span>, 2024.</p>
    <button class="paper-details-button" onclick="toggleCode('paper-code26')">Bib</button><a href=/assets/bibfiles/individual-pdf/TRPAK24.pdf>
    <button class="paper-pdf-button">PDF</button>
</a>        <div id="paper-code26" class="paper-code" data-file=/assets/bibfiles/individual-bib/TRPAK24.bib style="display: none;">
            <button class="copy-btn">Copy</button> 
        </div>
    </div>

    <script src="/assets/js/fetch_paper_code.js"></script>
    <script src="/assets/js/listen_to_copy.js"></script>
    <script src="/assets/js/buttom_func.js"></script>
    <script src="/assets/js/print_bib.js"></script>
~~~
